2022-01-02 16:21:59.301  INFO 16388 --- [restartedMain] .c.E.EmployeeManagementSystemApplication : Starting EmployeeManagementSystemApplication using Java 15 on LAPTOP-GE2FSO2S with PID 16388 (C:\FACULTATE\Employee-Mngmnt-Sys-main\Employee-Mngmnt-Sys\EmployeeManagementSystem\target\classes started by 40734 in C:\FACULTATE\Employee-Mngmnt-Sys-main\Employee-Mngmnt-Sys\EmployeeManagementSystem)
2022-01-02 16:21:59.301  INFO 16388 --- [restartedMain] .c.E.EmployeeManagementSystemApplication : No active profile set, falling back to default profiles: default
2022-01-02 16:21:59.341  INFO 16388 --- [restartedMain] .e.DevToolsPropertyDefaultsPostProcessor : Devtools property defaults active! Set 'spring.devtools.add-properties' to 'false' to disable
2022-01-02 16:21:59.341  INFO 16388 --- [restartedMain] .e.DevToolsPropertyDefaultsPostProcessor : For additional web related logging consider setting the 'logging.level.web' property to 'DEBUG'
2022-01-02 16:21:59.911  INFO 16388 --- [restartedMain] .s.d.r.c.RepositoryConfigurationDelegate : Bootstrapping Spring Data JPA repositories in DEFAULT mode.
2022-01-02 16:21:59.951  INFO 16388 --- [restartedMain] .s.d.r.c.RepositoryConfigurationDelegate : Finished Spring Data repository scanning in 34 ms. Found 2 JPA repository interfaces.
2022-01-02 16:22:00.379  INFO 16388 --- [restartedMain] o.s.b.w.embedded.tomcat.TomcatWebServer  : Tomcat initialized with port(s): 8090 (http)
2022-01-02 16:22:00.379  INFO 16388 --- [restartedMain] o.apache.catalina.core.StandardService   : Starting service [Tomcat]
2022-01-02 16:22:00.379  INFO 16388 --- [restartedMain] org.apache.catalina.core.StandardEngine  : Starting Servlet engine: [Apache Tomcat/9.0.55]
2022-01-02 16:22:00.469  INFO 16388 --- [restartedMain] o.a.c.c.C.[Tomcat].[localhost].[/]       : Initializing Spring embedded WebApplicationContext
2022-01-02 16:22:00.469  INFO 16388 --- [restartedMain] w.s.c.ServletWebServerApplicationContext : Root WebApplicationContext: initialization completed in 1128 ms
2022-01-02 16:22:00.769  INFO 16388 --- [restartedMain] com.zaxxer.hikari.HikariDataSource       : HikariPool-1 - Starting...
2022-01-02 16:22:00.849  INFO 16388 --- [restartedMain] com.zaxxer.hikari.HikariDataSource       : HikariPool-1 - Start completed.
2022-01-02 16:22:01.293  INFO 16388 --- [restartedMain] j.LocalContainerEntityManagerFactoryBean : Initialized JPA EntityManagerFactory for persistence unit 'default'
2022-01-02 16:22:01.663  WARN 16388 --- [restartedMain] JpaBaseConfiguration$JpaWebConfiguration : spring.jpa.open-in-view is enabled by default. Therefore, database queries may be performed during view rendering. Explicitly configure spring.jpa.open-in-view to disable this warning
2022-01-02 16:22:01.753  INFO 16388 --- [restartedMain] o.s.s.web.DefaultSecurityFilterChain     : Will secure any request with [org.springframework.security.web.context.request.async.WebAsyncManagerIntegrationFilter@604fa879, org.springframework.security.web.context.SecurityContextPersistenceFilter@205a4766, org.springframework.security.web.header.HeaderWriterFilter@710fd88b, org.springframework.security.web.csrf.CsrfFilter@59d0667c, org.springframework.security.web.authentication.logout.LogoutFilter@7368af53, org.springframework.security.web.authentication.UsernamePasswordAuthenticationFilter@66e63390, org.springframework.security.web.savedrequest.RequestCacheAwareFilter@1b2f9409, org.springframework.security.web.servletapi.SecurityContextHolderAwareRequestFilter@56b4b778, org.springframework.security.web.authentication.AnonymousAuthenticationFilter@5eb81269, org.springframework.security.web.session.SessionManagementFilter@ee9059a, org.springframework.security.web.access.ExceptionTranslationFilter@2b712a52, org.springframework.security.web.access.intercept.FilterSecurityInterceptor@36ab8d6f]
2022-01-02 16:22:01.873  INFO 16388 --- [restartedMain] o.s.b.a.w.s.WelcomePageHandlerMapping    : Adding welcome page template: index
2022-01-02 16:22:02.188  WARN 16388 --- [restartedMain] org.thymeleaf.templatemode.TemplateMode  : [THYMELEAF][restartedMain] Template Mode 'LEGACYHTML5' is deprecated. Using Template Mode 'HTML' instead.
2022-01-02 16:22:02.258  INFO 16388 --- [restartedMain] o.s.b.d.a.OptionalLiveReloadServer       : LiveReload server is running on port 35729
2022-01-02 16:22:02.288  INFO 16388 --- [restartedMain] o.s.b.w.embedded.tomcat.TomcatWebServer  : Tomcat started on port(s): 8090 (http) with context path ''
2022-01-02 16:22:02.298  INFO 16388 --- [restartedMain] .c.E.EmployeeManagementSystemApplication : Started EmployeeManagementSystemApplication in 3.357 seconds (JVM running for 4.02)
2022-01-02 16:25:23.567  INFO 7004 --- [restartedMain] .c.E.EmployeeManagementSystemApplication : Starting EmployeeManagementSystemApplication using Java 15 on LAPTOP-GE2FSO2S with PID 7004 (C:\FACULTATE\Employee-Mngmnt-Sys-main\Employee-Mngmnt-Sys\EmployeeManagementSystem\target\classes started by 40734 in C:\FACULTATE\Employee-Mngmnt-Sys-main\Employee-Mngmnt-Sys\EmployeeManagementSystem)
2022-01-02 16:25:23.567  INFO 7004 --- [restartedMain] .c.E.EmployeeManagementSystemApplication : No active profile set, falling back to default profiles: default
2022-01-02 16:25:23.612  INFO 7004 --- [restartedMain] .e.DevToolsPropertyDefaultsPostProcessor : Devtools property defaults active! Set 'spring.devtools.add-properties' to 'false' to disable
2022-01-02 16:25:23.612  INFO 7004 --- [restartedMain] .e.DevToolsPropertyDefaultsPostProcessor : For additional web related logging consider setting the 'logging.level.web' property to 'DEBUG'
2022-01-02 16:25:24.224  INFO 7004 --- [restartedMain] .s.d.r.c.RepositoryConfigurationDelegate : Bootstrapping Spring Data JPA repositories in DEFAULT mode.
2022-01-02 16:25:24.264  INFO 7004 --- [restartedMain] .s.d.r.c.RepositoryConfigurationDelegate : Finished Spring Data repository scanning in 36 ms. Found 2 JPA repository interfaces.
2022-01-02 16:25:24.722  INFO 7004 --- [restartedMain] o.s.b.w.embedded.tomcat.TomcatWebServer  : Tomcat initialized with port(s): 8090 (http)
2022-01-02 16:25:24.732  INFO 7004 --- [restartedMain] o.apache.catalina.core.StandardService   : Starting service [Tomcat]
2022-01-02 16:25:24.732  INFO 7004 --- [restartedMain] org.apache.catalina.core.StandardEngine  : Starting Servlet engine: [Apache Tomcat/9.0.55]
2022-01-02 16:25:24.829  INFO 7004 --- [restartedMain] o.a.c.c.C.[Tomcat].[localhost].[/]       : Initializing Spring embedded WebApplicationContext
2022-01-02 16:25:24.829  INFO 7004 --- [restartedMain] w.s.c.ServletWebServerApplicationContext : Root WebApplicationContext: initialization completed in 1216 ms
2022-01-02 16:25:25.179  INFO 7004 --- [restartedMain] com.zaxxer.hikari.HikariDataSource       : HikariPool-1 - Starting...
2022-01-02 16:25:25.259  INFO 7004 --- [restartedMain] com.zaxxer.hikari.HikariDataSource       : HikariPool-1 - Start completed.
2022-01-02 16:25:25.735  INFO 7004 --- [restartedMain] j.LocalContainerEntityManagerFactoryBean : Initialized JPA EntityManagerFactory for persistence unit 'default'
2022-01-02 16:25:26.154  WARN 7004 --- [restartedMain] JpaBaseConfiguration$JpaWebConfiguration : spring.jpa.open-in-view is enabled by default. Therefore, database queries may be performed during view rendering. Explicitly configure spring.jpa.open-in-view to disable this warning
2022-01-02 16:25:26.254  INFO 7004 --- [restartedMain] o.s.s.web.DefaultSecurityFilterChain     : Will secure any request with [org.springframework.security.web.context.request.async.WebAsyncManagerIntegrationFilter@f2653b7, org.springframework.security.web.context.SecurityContextPersistenceFilter@3a68f8a7, org.springframework.security.web.header.HeaderWriterFilter@4a051a1c, org.springframework.security.web.csrf.CsrfFilter@4e7e4ec0, org.springframework.security.web.authentication.logout.LogoutFilter@43103f99, org.springframework.security.web.authentication.UsernamePasswordAuthenticationFilter@1032f66b, org.springframework.security.web.savedrequest.RequestCacheAwareFilter@8c503f0, org.springframework.security.web.servletapi.SecurityContextHolderAwareRequestFilter@205a4766, org.springframework.security.web.authentication.AnonymousAuthenticationFilter@4924114f, org.springframework.security.web.session.SessionManagementFilter@670883f7, org.springframework.security.web.access.ExceptionTranslationFilter@35eb0e13, org.springframework.security.web.access.intercept.FilterSecurityInterceptor@762d2e00]
2022-01-02 16:25:26.394  INFO 7004 --- [restartedMain] o.s.b.a.w.s.WelcomePageHandlerMapping    : Adding welcome page template: index
2022-01-02 16:25:26.740  WARN 7004 --- [restartedMain] org.thymeleaf.templatemode.TemplateMode  : [THYMELEAF][restartedMain] Template Mode 'LEGACYHTML5' is deprecated. Using Template Mode 'HTML' instead.
2022-01-02 16:25:26.810  INFO 7004 --- [restartedMain] o.s.b.d.a.OptionalLiveReloadServer       : LiveReload server is running on port 35729
2022-01-02 16:25:26.840  INFO 7004 --- [restartedMain] o.s.b.w.embedded.tomcat.TomcatWebServer  : Tomcat started on port(s): 8090 (http) with context path ''
2022-01-02 16:25:26.850  INFO 7004 --- [restartedMain] .c.E.EmployeeManagementSystemApplication : Started EmployeeManagementSystemApplication in 3.619 seconds (JVM running for 4.344)
2022-01-02 16:30:22.320  INFO 6452 --- [restartedMain] .c.E.EmployeeManagementSystemApplication : Starting EmployeeManagementSystemApplication using Java 15 on LAPTOP-GE2FSO2S with PID 6452 (C:\FACULTATE\Employee-Mngmnt-Sys-main\Employee-Mngmnt-Sys\EmployeeManagementSystem\target\classes started by 40734 in C:\FACULTATE\Employee-Mngmnt-Sys-main\Employee-Mngmnt-Sys\EmployeeManagementSystem)
2022-01-02 16:30:22.320  INFO 6452 --- [restartedMain] .c.E.EmployeeManagementSystemApplication : No active profile set, falling back to default profiles: default
2022-01-02 16:30:22.368  INFO 6452 --- [restartedMain] .e.DevToolsPropertyDefaultsPostProcessor : Devtools property defaults active! Set 'spring.devtools.add-properties' to 'false' to disable
2022-01-02 16:30:22.368  INFO 6452 --- [restartedMain] .e.DevToolsPropertyDefaultsPostProcessor : For additional web related logging consider setting the 'logging.level.web' property to 'DEBUG'
2022-01-02 16:30:22.878  INFO 6452 --- [restartedMain] .s.d.r.c.RepositoryConfigurationDelegate : Bootstrapping Spring Data JPA repositories in DEFAULT mode.
2022-01-02 16:30:22.918  INFO 6452 --- [restartedMain] .s.d.r.c.RepositoryConfigurationDelegate : Finished Spring Data repository scanning in 33 ms. Found 2 JPA repository interfaces.
2022-01-02 16:30:23.340  INFO 6452 --- [restartedMain] o.s.b.w.embedded.tomcat.TomcatWebServer  : Tomcat initialized with port(s): 8090 (http)
2022-01-02 16:30:23.340  INFO 6452 --- [restartedMain] o.apache.catalina.core.StandardService   : Starting service [Tomcat]
2022-01-02 16:30:23.340  INFO 6452 --- [restartedMain] org.apache.catalina.core.StandardEngine  : Starting Servlet engine: [Apache Tomcat/9.0.55]
2022-01-02 16:30:23.410  INFO 6452 --- [restartedMain] o.a.c.c.C.[Tomcat].[localhost].[/]       : Initializing Spring embedded WebApplicationContext
2022-01-02 16:30:23.410  INFO 6452 --- [restartedMain] w.s.c.ServletWebServerApplicationContext : Root WebApplicationContext: initialization completed in 1042 ms
2022-01-02 16:30:23.700  INFO 6452 --- [restartedMain] com.zaxxer.hikari.HikariDataSource       : HikariPool-1 - Starting...
2022-01-02 16:30:23.780  INFO 6452 --- [restartedMain] com.zaxxer.hikari.HikariDataSource       : HikariPool-1 - Start completed.
2022-01-02 16:30:24.220  INFO 6452 --- [restartedMain] j.LocalContainerEntityManagerFactoryBean : Initialized JPA EntityManagerFactory for persistence unit 'default'
2022-01-02 16:30:24.598  WARN 6452 --- [restartedMain] JpaBaseConfiguration$JpaWebConfiguration : spring.jpa.open-in-view is enabled by default. Therefore, database queries may be performed during view rendering. Explicitly configure spring.jpa.open-in-view to disable this warning
2022-01-02 16:30:24.698  INFO 6452 --- [restartedMain] o.s.s.web.DefaultSecurityFilterChain     : Will secure any request with [org.springframework.security.web.context.request.async.WebAsyncManagerIntegrationFilter@201bfd71, org.springframework.security.web.context.SecurityContextPersistenceFilter@4a051a1c, org.springframework.security.web.header.HeaderWriterFilter@35eb0e13, org.springframework.security.web.csrf.CsrfFilter@7b5be363, org.springframework.security.web.authentication.logout.LogoutFilter@6f93a2fc, org.springframework.security.web.authentication.UsernamePasswordAuthenticationFilter@4fad6548, org.springframework.security.web.savedrequest.RequestCacheAwareFilter@670883f7, org.springframework.security.web.servletapi.SecurityContextHolderAwareRequestFilter@710fd88b, org.springframework.security.web.authentication.AnonymousAuthenticationFilter@8206d76, org.springframework.security.web.session.SessionManagementFilter@2429ad73, org.springframework.security.web.access.ExceptionTranslationFilter@2530870e, org.springframework.security.web.access.intercept.FilterSecurityInterceptor@7a3c4fb2]
2022-01-02 16:30:24.818  INFO 6452 --- [restartedMain] o.s.b.a.w.s.WelcomePageHandlerMapping    : Adding welcome page template: index
2022-01-02 16:30:25.128  WARN 6452 --- [restartedMain] org.thymeleaf.templatemode.TemplateMode  : [THYMELEAF][restartedMain] Template Mode 'LEGACYHTML5' is deprecated. Using Template Mode 'HTML' instead.
2022-01-02 16:30:25.198  INFO 6452 --- [restartedMain] o.s.b.d.a.OptionalLiveReloadServer       : LiveReload server is running on port 35729
2022-01-02 16:30:25.228  INFO 6452 --- [restartedMain] o.s.b.w.embedded.tomcat.TomcatWebServer  : Tomcat started on port(s): 8090 (http) with context path ''
2022-01-02 16:30:25.238  INFO 6452 --- [restartedMain] .c.E.EmployeeManagementSystemApplication : Started EmployeeManagementSystemApplication in 3.242 seconds (JVM running for 3.947)
2022-01-02 16:45:27.083  INFO 14572 --- [restartedMain] .c.E.EmployeeManagementSystemApplication : Starting EmployeeManagementSystemApplication using Java 15 on LAPTOP-GE2FSO2S with PID 14572 (C:\FACULTATE\Employee-Mngmnt-Sys-main\Employee-Mngmnt-Sys\EmployeeManagementSystem\target\classes started by 40734 in C:\FACULTATE\Employee-Mngmnt-Sys-main\Employee-Mngmnt-Sys\EmployeeManagementSystem)
2022-01-02 16:45:27.083  INFO 14572 --- [restartedMain] .c.E.EmployeeManagementSystemApplication : No active profile set, falling back to default profiles: default
2022-01-02 16:45:27.121  INFO 14572 --- [restartedMain] .e.DevToolsPropertyDefaultsPostProcessor : Devtools property defaults active! Set 'spring.devtools.add-properties' to 'false' to disable
2022-01-02 16:45:27.121  INFO 14572 --- [restartedMain] .e.DevToolsPropertyDefaultsPostProcessor : For additional web related logging consider setting the 'logging.level.web' property to 'DEBUG'
2022-01-02 16:45:27.647  INFO 14572 --- [restartedMain] .s.d.r.c.RepositoryConfigurationDelegate : Bootstrapping Spring Data JPA repositories in DEFAULT mode.
2022-01-02 16:45:27.677  INFO 14572 --- [restartedMain] .s.d.r.c.RepositoryConfigurationDelegate : Finished Spring Data repository scanning in 31 ms. Found 2 JPA repository interfaces.
2022-01-02 16:45:28.091  INFO 14572 --- [restartedMain] o.s.b.w.embedded.tomcat.TomcatWebServer  : Tomcat initialized with port(s): 8090 (http)
2022-01-02 16:45:28.091  INFO 14572 --- [restartedMain] o.apache.catalina.core.StandardService   : Starting service [Tomcat]
2022-01-02 16:45:28.091  INFO 14572 --- [restartedMain] org.apache.catalina.core.StandardEngine  : Starting Servlet engine: [Apache Tomcat/9.0.55]
2022-01-02 16:45:28.161  INFO 14572 --- [restartedMain] o.a.c.c.C.[Tomcat].[localhost].[/]       : Initializing Spring embedded WebApplicationContext
2022-01-02 16:45:28.161  INFO 14572 --- [restartedMain] w.s.c.ServletWebServerApplicationContext : Root WebApplicationContext: initialization completed in 1033 ms
2022-01-02 16:45:28.451  INFO 14572 --- [restartedMain] com.zaxxer.hikari.HikariDataSource       : HikariPool-1 - Starting...
2022-01-02 16:45:28.531  INFO 14572 --- [restartedMain] com.zaxxer.hikari.HikariDataSource       : HikariPool-1 - Start completed.
2022-01-02 16:45:28.962  INFO 14572 --- [restartedMain] j.LocalContainerEntityManagerFactoryBean : Initialized JPA EntityManagerFactory for persistence unit 'default'
2022-01-02 16:45:29.342  WARN 14572 --- [restartedMain] JpaBaseConfiguration$JpaWebConfiguration : spring.jpa.open-in-view is enabled by default. Therefore, database queries may be performed during view rendering. Explicitly configure spring.jpa.open-in-view to disable this warning
2022-01-02 16:45:29.432  INFO 14572 --- [restartedMain] o.s.s.web.DefaultSecurityFilterChain     : Will secure any request with [org.springframework.security.web.context.request.async.WebAsyncManagerIntegrationFilter@489c08b9, org.springframework.security.web.context.SecurityContextPersistenceFilter@4d16c058, org.springframework.security.web.header.HeaderWriterFilter@3fa73741, org.springframework.security.web.csrf.CsrfFilter@3467c6d1, org.springframework.security.web.authentication.logout.LogoutFilter@15226d85, org.springframework.security.web.authentication.UsernamePasswordAuthenticationFilter@2f0b5193, org.springframework.security.web.savedrequest.RequestCacheAwareFilter@7081560e, org.springframework.security.web.servletapi.SecurityContextHolderAwareRequestFilter@578f191a, org.springframework.security.web.authentication.AnonymousAuthenticationFilter@572c9b04, org.springframework.security.web.session.SessionManagementFilter@150b331d, org.springframework.security.web.access.ExceptionTranslationFilter@19a05263, org.springframework.security.web.access.intercept.FilterSecurityInterceptor@379dd10b]
2022-01-02 16:45:29.552  INFO 14572 --- [restartedMain] o.s.b.a.w.s.WelcomePageHandlerMapping    : Adding welcome page template: index
2022-01-02 16:45:29.865  WARN 14572 --- [restartedMain] org.thymeleaf.templatemode.TemplateMode  : [THYMELEAF][restartedMain] Template Mode 'LEGACYHTML5' is deprecated. Using Template Mode 'HTML' instead.
2022-01-02 16:45:29.935  INFO 14572 --- [restartedMain] o.s.b.d.a.OptionalLiveReloadServer       : LiveReload server is running on port 35729
2022-01-02 16:45:29.965  INFO 14572 --- [restartedMain] o.s.b.w.embedded.tomcat.TomcatWebServer  : Tomcat started on port(s): 8090 (http) with context path ''
2022-01-02 16:45:29.975  INFO 14572 --- [restartedMain] .c.E.EmployeeManagementSystemApplication : Started EmployeeManagementSystemApplication in 3.253 seconds (JVM running for 3.899)
2022-01-02 16:45:53.833  INFO 14572 --- [http-nio-8090-exec-1] o.a.c.c.C.[Tomcat].[localhost].[/]       : Initializing Spring DispatcherServlet 'dispatcherServlet'
2022-01-02 16:45:53.833  INFO 14572 --- [http-nio-8090-exec-1] o.s.web.servlet.DispatcherServlet        : Initializing Servlet 'dispatcherServlet'
2022-01-02 16:45:53.834  INFO 14572 --- [http-nio-8090-exec-1] o.s.web.servlet.DispatcherServlet        : Completed initialization in 1 ms
2022-01-02 16:50:46.035  INFO 19188 --- [restartedMain] .c.E.EmployeeManagementSystemApplication : Starting EmployeeManagementSystemApplication using Java 15 on LAPTOP-GE2FSO2S with PID 19188 (C:\FACULTATE\Employee-Mngmnt-Sys-main\Employee-Mngmnt-Sys\EmployeeManagementSystem\target\classes started by 40734 in C:\FACULTATE\Employee-Mngmnt-Sys-main\Employee-Mngmnt-Sys\EmployeeManagementSystem)
2022-01-02 16:50:46.036  INFO 19188 --- [restartedMain] .c.E.EmployeeManagementSystemApplication : No active profile set, falling back to default profiles: default
2022-01-02 16:50:46.084  INFO 19188 --- [restartedMain] .e.DevToolsPropertyDefaultsPostProcessor : Devtools property defaults active! Set 'spring.devtools.add-properties' to 'false' to disable
2022-01-02 16:50:46.085  INFO 19188 --- [restartedMain] .e.DevToolsPropertyDefaultsPostProcessor : For additional web related logging consider setting the 'logging.level.web' property to 'DEBUG'
2022-01-02 16:50:46.627  INFO 19188 --- [restartedMain] .s.d.r.c.RepositoryConfigurationDelegate : Bootstrapping Spring Data JPA repositories in DEFAULT mode.
2022-01-02 16:50:46.671  INFO 19188 --- [restartedMain] .s.d.r.c.RepositoryConfigurationDelegate : Finished Spring Data repository scanning in 36 ms. Found 2 JPA repository interfaces.
2022-01-02 16:50:47.142  INFO 19188 --- [restartedMain] o.s.b.w.embedded.tomcat.TomcatWebServer  : Tomcat initialized with port(s): 8090 (http)
2022-01-02 16:50:47.150  INFO 19188 --- [restartedMain] o.apache.catalina.core.StandardService   : Starting service [Tomcat]
2022-01-02 16:50:47.150  INFO 19188 --- [restartedMain] org.apache.catalina.core.StandardEngine  : Starting Servlet engine: [Apache Tomcat/9.0.55]
2022-01-02 16:50:47.240  INFO 19188 --- [restartedMain] o.a.c.c.C.[Tomcat].[localhost].[/]       : Initializing Spring embedded WebApplicationContext
2022-01-02 16:50:47.240  INFO 19188 --- [restartedMain] w.s.c.ServletWebServerApplicationContext : Root WebApplicationContext: initialization completed in 1155 ms
2022-01-02 16:50:47.558  INFO 19188 --- [restartedMain] com.zaxxer.hikari.HikariDataSource       : HikariPool-1 - Starting...
2022-01-02 16:50:47.638  INFO 19188 --- [restartedMain] com.zaxxer.hikari.HikariDataSource       : HikariPool-1 - Start completed.
2022-01-02 16:50:48.118  INFO 19188 --- [restartedMain] j.LocalContainerEntityManagerFactoryBean : Initialized JPA EntityManagerFactory for persistence unit 'default'
2022-01-02 16:50:48.538  WARN 19188 --- [restartedMain] JpaBaseConfiguration$JpaWebConfiguration : spring.jpa.open-in-view is enabled by default. Therefore, database queries may be performed during view rendering. Explicitly configure spring.jpa.open-in-view to disable this warning
2022-01-02 16:50:48.640  INFO 19188 --- [restartedMain] o.s.s.web.DefaultSecurityFilterChain     : Will secure any request with [org.springframework.security.web.context.request.async.WebAsyncManagerIntegrationFilter@5e6be188, org.springframework.security.web.context.SecurityContextPersistenceFilter@74b234bc, org.springframework.security.web.header.HeaderWriterFilter@5b5337af, org.springframework.security.web.csrf.CsrfFilter@4ea5f58a, org.springframework.security.web.authentication.logout.LogoutFilter@52c905f4, org.springframework.security.web.authentication.UsernamePasswordAuthenticationFilter@6fb38a04, org.springframework.security.web.savedrequest.RequestCacheAwareFilter@36442386, org.springframework.security.web.servletapi.SecurityContextHolderAwareRequestFilter@7f028bc8, org.springframework.security.web.authentication.AnonymousAuthenticationFilter@38615344, org.springframework.security.web.session.SessionManagementFilter@2eb40ecf, org.springframework.security.web.access.ExceptionTranslationFilter@2aaa6cfb, org.springframework.security.web.access.intercept.FilterSecurityInterceptor@7eefd611]
2022-01-02 16:50:48.780  INFO 19188 --- [restartedMain] o.s.b.a.w.s.WelcomePageHandlerMapping    : Adding welcome page template: index
2022-01-02 16:50:49.110  WARN 19188 --- [restartedMain] org.thymeleaf.templatemode.TemplateMode  : [THYMELEAF][restartedMain] Template Mode 'LEGACYHTML5' is deprecated. Using Template Mode 'HTML' instead.
2022-01-02 16:50:49.182  INFO 19188 --- [restartedMain] o.s.b.d.a.OptionalLiveReloadServer       : LiveReload server is running on port 35729
2022-01-02 16:50:49.221  INFO 19188 --- [restartedMain] o.s.b.w.embedded.tomcat.TomcatWebServer  : Tomcat started on port(s): 8090 (http) with context path ''
2022-01-02 16:50:49.232  INFO 19188 --- [restartedMain] .c.E.EmployeeManagementSystemApplication : Started EmployeeManagementSystemApplication in 3.587 seconds (JVM running for 4.268)
2022-01-02 16:50:54.318  INFO 19188 --- [http-nio-8090-exec-1] o.a.c.c.C.[Tomcat].[localhost].[/]       : Initializing Spring DispatcherServlet 'dispatcherServlet'
2022-01-02 16:50:54.319  INFO 19188 --- [http-nio-8090-exec-1] o.s.web.servlet.DispatcherServlet        : Initializing Servlet 'dispatcherServlet'
2022-01-02 16:50:54.320  INFO 19188 --- [http-nio-8090-exec-1] o.s.web.servlet.DispatcherServlet        : Completed initialization in 1 ms
2022-01-02 16:51:03.214  INFO 19188 --- [http-nio-8090-exec-3] .c.E.EmployeeManagementSystemApplication : This is an info message
2022-01-02 16:51:03.214  WARN 19188 --- [http-nio-8090-exec-3] .c.E.EmployeeManagementSystemApplication : This is a warn message
2022-01-02 16:51:03.214 ERROR 19188 --- [http-nio-8090-exec-3] .c.E.EmployeeManagementSystemApplication : This is an error message
2022-01-02 16:51:03.215  INFO 19188 --- [http-nio-8090-exec-3] c.c.E.SpringLoggingHelper                : This is an info message
2022-01-02 16:51:03.215  WARN 19188 --- [http-nio-8090-exec-3] c.c.E.SpringLoggingHelper                : This is a warn message
2022-01-02 16:51:03.215 ERROR 19188 --- [http-nio-8090-exec-3] c.c.E.SpringLoggingHelper                : This is an error message
2022-01-02 17:08:55.846  INFO 19068 --- [restartedMain] .c.E.EmployeeManagementSystemApplication : Starting EmployeeManagementSystemApplication using Java 15 on LAPTOP-GE2FSO2S with PID 19068 (C:\FACULTATE\Employee-Mngmnt-Sys-main\Employee-Mngmnt-Sys\EmployeeManagementSystem\target\classes started by 40734 in C:\FACULTATE\Employee-Mngmnt-Sys-main\Employee-Mngmnt-Sys\EmployeeManagementSystem)
2022-01-02 17:08:55.847  INFO 19068 --- [restartedMain] .c.E.EmployeeManagementSystemApplication : No active profile set, falling back to default profiles: default
2022-01-02 17:08:55.902  INFO 19068 --- [restartedMain] .e.DevToolsPropertyDefaultsPostProcessor : Devtools property defaults active! Set 'spring.devtools.add-properties' to 'false' to disable
2022-01-02 17:08:55.903  INFO 19068 --- [restartedMain] .e.DevToolsPropertyDefaultsPostProcessor : For additional web related logging consider setting the 'logging.level.web' property to 'DEBUG'
2022-01-02 17:08:56.831  INFO 19068 --- [restartedMain] .s.d.r.c.RepositoryConfigurationDelegate : Bootstrapping Spring Data JPA repositories in DEFAULT mode.
2022-01-02 17:08:56.903  INFO 19068 --- [restartedMain] .s.d.r.c.RepositoryConfigurationDelegate : Finished Spring Data repository scanning in 51 ms. Found 2 JPA repository interfaces.
2022-01-02 17:08:57.527  INFO 19068 --- [restartedMain] o.s.b.w.embedded.tomcat.TomcatWebServer  : Tomcat initialized with port(s): 8090 (http)
2022-01-02 17:08:57.529  INFO 19068 --- [restartedMain] o.apache.catalina.core.StandardService   : Starting service [Tomcat]
2022-01-02 17:08:57.536  INFO 19068 --- [restartedMain] org.apache.catalina.core.StandardEngine  : Starting Servlet engine: [Apache Tomcat/9.0.55]
2022-01-02 17:08:57.648  INFO 19068 --- [restartedMain] o.a.c.c.C.[Tomcat].[localhost].[/]       : Initializing Spring embedded WebApplicationContext
2022-01-02 17:08:57.648  INFO 19068 --- [restartedMain] w.s.c.ServletWebServerApplicationContext : Root WebApplicationContext: initialization completed in 1744 ms
2022-01-02 17:08:58.269  INFO 19068 --- [restartedMain] com.zaxxer.hikari.HikariDataSource       : HikariPool-1 - Starting...
2022-01-02 17:08:58.432  INFO 19068 --- [restartedMain] com.zaxxer.hikari.HikariDataSource       : HikariPool-1 - Start completed.
2022-01-02 17:08:59.440  INFO 19068 --- [restartedMain] j.LocalContainerEntityManagerFactoryBean : Initialized JPA EntityManagerFactory for persistence unit 'default'
2022-01-02 17:09:00.262  WARN 19068 --- [restartedMain] JpaBaseConfiguration$JpaWebConfiguration : spring.jpa.open-in-view is enabled by default. Therefore, database queries may be performed during view rendering. Explicitly configure spring.jpa.open-in-view to disable this warning
2022-01-02 17:09:00.569  INFO 19068 --- [restartedMain] o.s.s.web.DefaultSecurityFilterChain     : Will secure any request with [org.springframework.security.web.context.request.async.WebAsyncManagerIntegrationFilter@5e6be188, org.springframework.security.web.context.SecurityContextPersistenceFilter@74b234bc, org.springframework.security.web.header.HeaderWriterFilter@5b5337af, org.springframework.security.web.csrf.CsrfFilter@4ea5f58a, org.springframework.security.web.authentication.logout.LogoutFilter@52c905f4, org.springframework.security.web.authentication.UsernamePasswordAuthenticationFilter@6fb38a04, org.springframework.security.web.savedrequest.RequestCacheAwareFilter@36442386, org.springframework.security.web.servletapi.SecurityContextHolderAwareRequestFilter@7f028bc8, org.springframework.security.web.authentication.AnonymousAuthenticationFilter@38615344, org.springframework.security.web.session.SessionManagementFilter@2eb40ecf, org.springframework.security.web.access.ExceptionTranslationFilter@2aaa6cfb, org.springframework.security.web.access.intercept.FilterSecurityInterceptor@7eefd611]
2022-01-02 17:09:00.970  INFO 19068 --- [restartedMain] o.s.b.a.w.s.WelcomePageHandlerMapping    : Adding welcome page template: index
2022-01-02 17:09:01.671  WARN 19068 --- [restartedMain] org.thymeleaf.templatemode.TemplateMode  : [THYMELEAF][restartedMain] Template Mode 'LEGACYHTML5' is deprecated. Using Template Mode 'HTML' instead.
2022-01-02 17:09:01.885  INFO 19068 --- [restartedMain] o.s.b.d.a.OptionalLiveReloadServer       : LiveReload server is running on port 35729
2022-01-02 17:09:02.080  INFO 19068 --- [restartedMain] o.s.b.w.embedded.tomcat.TomcatWebServer  : Tomcat started on port(s): 8090 (http) with context path ''
2022-01-02 17:09:02.115  INFO 19068 --- [restartedMain] .c.E.EmployeeManagementSystemApplication : Started EmployeeManagementSystemApplication in 6.734 seconds (JVM running for 7.726)
2022-01-02 17:09:02.995  INFO 19068 --- [http-nio-8090-exec-1] o.a.c.c.C.[Tomcat].[localhost].[/]       : Initializing Spring DispatcherServlet 'dispatcherServlet'
2022-01-02 17:09:02.996  INFO 19068 --- [http-nio-8090-exec-1] o.s.web.servlet.DispatcherServlet        : Initializing Servlet 'dispatcherServlet'
2022-01-02 17:09:02.999  INFO 19068 --- [http-nio-8090-exec-1] o.s.web.servlet.DispatcherServlet        : Completed initialization in 3 ms
2022-01-02 17:09:05.459  INFO 19068 --- [http-nio-8090-exec-9] .c.E.EmployeeManagementSystemApplication : User enter on the login page
2022-01-02 17:09:05.611  WARN 19068 --- [http-nio-8090-exec-9] o.a.c.util.SessionIdGeneratorBase        : Creation of SecureRandom instance for session ID generation using [SHA1PRNG] took [111] milliseconds.
2022-01-02 17:09:15.733  INFO 19068 --- [http-nio-8090-exec-3] .c.E.EmployeeManagementSystemApplication : User accessed the employees list
2022-01-02 17:09:29.749  INFO 19068 --- [http-nio-8090-exec-2] .c.E.EmployeeManagementSystemApplication : Task assign successfully to the employee with id = 24
2022-01-02 17:09:29.785  INFO 19068 --- [http-nio-8090-exec-3] .c.E.EmployeeManagementSystemApplication : User accessed the employees list
2022-01-02 17:09:38.469  INFO 19068 --- [http-nio-8090-exec-2] .c.E.EmployeeManagementSystemApplication : Task assign successfully to the employee with id = 24
2022-01-02 17:09:38.503  INFO 19068 --- [http-nio-8090-exec-3] .c.E.EmployeeManagementSystemApplication : User accessed the employees list
2022-01-02 17:09:43.165  INFO 19068 --- [http-nio-8090-exec-8] .c.E.EmployeeManagementSystemApplication : User enter on the login page
2022-01-02 17:09:52.609  INFO 19068 --- [http-nio-8090-exec-3] .c.E.EmployeeManagementSystemApplication : User accessed the employees list
2022-01-02 17:09:58.903  INFO 19068 --- [http-nio-8090-exec-9] .c.E.EmployeeManagementSystemApplication : Task with id = 24 was marked as completed
2022-01-02 17:10:44.588  INFO 19068 --- [http-nio-8090-exec-3] .c.E.EmployeeManagementSystemApplication : User enter on the login page
2022-01-02 17:10:52.216  WARN 19068 --- [http-nio-8090-exec-7] .c.E.EmployeeManagementSystemApplication : User was already logged in so it was redirected to the home page
2022-01-02 17:10:53.175  INFO 19068 --- [http-nio-8090-exec-6] .c.E.EmployeeManagementSystemApplication : User accessed the employees list
2022-01-02 17:11:01.876  INFO 19068 --- [http-nio-8090-exec-10] .c.E.EmployeeManagementSystemApplication : Task assign successfully to the employee with id = 24
2022-01-02 17:11:01.895  INFO 19068 --- [http-nio-8090-exec-6] .c.E.EmployeeManagementSystemApplication : User accessed the employees list
2022-01-02 17:11:03.251  INFO 19068 --- [http-nio-8090-exec-6] .c.E.EmployeeManagementSystemApplication : User enter on the login page
2022-01-02 17:11:13.403  WARN 19068 --- [http-nio-8090-exec-3] .c.E.EmployeeManagementSystemApplication : User was already logged in so it was redirected to the home page
2022-01-02 17:11:14.602  WARN 19068 --- [http-nio-8090-exec-5] .c.E.EmployeeManagementSystemApplication : User was already logged in so it was redirected to the home page
2022-01-02 17:11:16.058  INFO 19068 --- [http-nio-8090-exec-3] .c.E.EmployeeManagementSystemApplication : User accessed the employees list
2022-01-02 17:11:20.314  INFO 19068 --- [http-nio-8090-exec-5] .c.E.EmployeeManagementSystemApplication : Task with id = 24 was marked as completed
